#
# A fatal error has been detected by the Java Runtime Environment:
#
#  Internal Error (safepoint.cpp:310), pid=5559, tid=16387
#  guarantee(PageArmed == 0) failed: invariant
#
# JRE version: Java(TM) SE Runtime Environment (8.0_51-b16) (build 1.8.0_51-b16)
# Java VM: Java HotSpot(TM) 64-Bit Server VM (25.51-b03 mixed mode bsd-amd64 compressed oops)
# Failed to write core dump. Core dumps have been disabled. To enable core dumping, try "ulimit -c unlimited" before starting Java again
#
# If you would like to submit a bug report, please visit:
#   http://bugreport.java.com/bugreport/crash.jsp
#

---------------  T H R E A D  ---------------

Current thread (0x00000001033e5000):  VMThread [stack: 0x0000700000b3e000,0x0000700000c3e000] [id=16387]

Stack: [0x0000700000b3e000,0x0000700000c3e000],  sp=0x0000700000c3d910,  free space=1022k
Native frames: (J=compiled Java code, j=interpreted, Vv=VM code, C=native code)
V  [libjvm.dylib+0x58e75a]
V  [libjvm.dylib+0x1e0237]
V  [libjvm.dylib+0x4c2da4]
V  [libjvm.dylib+0x5948b7]
V  [libjvm.dylib+0x5942f5]
V  [libjvm.dylib+0x46e99e]
C  [libsystem_pthread.dylib+0x399d]  _pthread_body+0x83
C  [libsystem_pthread.dylib+0x391a]  _pthread_body+0x0
C  [libsystem_pthread.dylib+0x1351]  thread_start+0xd


---------------  P R O C E S S  ---------------

Java Threads: ( => current thread )
  0x0000000102903800 JavaThread "Service Thread" daemon [_thread_blocked, id=23555, stack(0x00007000013d9000,0x00007000014d9000)]
  0x0000000108a6f000 JavaThread "C1 CompilerThread3" daemon [_thread_blocked, id=23043, stack(0x00007000012d6000,0x00007000013d6000)]
  0x00000001035d0800 JavaThread "C2 CompilerThread2" daemon [_thread_blocked, id=22531, stack(0x00007000011d3000,0x00007000012d3000)]
  0x000000010362c800 JavaThread "C2 CompilerThread1" daemon [_thread_blocked, id=22019, stack(0x00007000010d0000,0x00007000011d0000)]
  0x0000000108a6e800 JavaThread "C2 CompilerThread0" daemon [_thread_blocked, id=21515, stack(0x0000700000fcd000,0x00007000010cd000)]
  0x0000000108a69800 JavaThread "Attach Listener" daemon [_thread_blocked, id=19723, stack(0x0000700000eca000,0x0000700000fca000)]
  0x0000000108a52800 JavaThread "Finalizer" daemon [_thread_blocked, id=17411, stack(0x0000700000d44000,0x0000700000e44000)]
  0x0000000108a52000 JavaThread "Reference Handler" daemon [_thread_blocked, id=16899, stack(0x0000700000c41000,0x0000700000d41000)]
  0x0000000103cc4800 JavaThread "main" [_thread_in_Java, id=1295, stack(0x00007fff5f400000,0x00007fff5fc00000)]

Other Threads:
=>0x00000001033e5000 VMThread [stack: 0x0000700000b3e000,0x0000700000c3e000] [id=16387]
  0x0000000102904000 WatcherThread [stack: 0x00007000014dc000,0x00007000015dc000] [id=24067]

VM state:synchronizing (normal execution)

VM Mutex/Monitor currently owned by a thread:  ([mutex/lock_event])
[0x0000000101646af0] Safepoint_lock - owner thread: 0x00000001033e5000
[0x0000000101646b70] Threads_lock - owner thread: 0x00000001033e5000

Heap:
 PSYoungGen      total 116736K, used 110914K [0x00000007b5580000, 0x00000007c0000000, 0x00000007c0000000)
  eden space 58880K, 98% used [0x00000007b5580000,0x00000007b8e4a628,0x00000007b8f00000)
  from space 57856K, 91% used [0x00000007bc780000,0x00000007bfb06200,0x00000007c0000000)
  to   space 57856K, 0% used [0x00000007b8f00000,0x00000007b8f00000,0x00000007bc780000)
 ParOldGen       total 344064K, used 139265K [0x00000007a0000000, 0x00000007b5000000, 0x00000007b5580000)
  object space 344064K, 40% used [0x00000007a0000000,0x00000007a88007a8,0x00000007b5000000)
 Metaspace       used 3161K, capacity 4736K, committed 4864K, reserved 1056768K
  class space    used 342K, capacity 428K, committed 512K, reserved 1048576K

Card table byte_map: [0x000000010bd48000,0x000000010be49000] byte_map_base: 0x0000000108048000

Marking Bits: (ParMarkBitMap*) 0x000000010b66c7a0
 Begin Bits: [0x000000011c3c0000, 0x000000011cbc0000)
 End Bits:   [0x000000011cbc0000, 0x000000011d3c0000)

Polling page: 0x00000001015fa000

CodeCache: size=245760Kb used=1488Kb max_used=1502Kb free=244271Kb
 bounds [0x000000010d000000, 0x000000010d270000, 0x000000011c000000]
 total_blobs=422 nmethods=176 adapters=160
 compilation: enabled

Compilation events (10 events):
Event: 47333.358 Thread 0x000000010362c800  173       4       java.util.LinkedList$Node::<init> (20 bytes)
Event: 47333.359 Thread 0x0000000108a6f000 nmethod 172 0x000000010d167110 code [0x000000010d167280, 0x000000010d1675d0]
Event: 47333.359 Thread 0x000000010362c800 nmethod 173 0x000000010d130f10 code [0x000000010d131060, 0x000000010d1310f8]
Event: 47333.359 Thread 0x0000000108a6e800  174       4       java.util.LinkedList::linkLast (59 bytes)
Event: 47333.360 Thread 0x0000000108a6e800 nmethod 174 0x000000010d15fa50 code [0x000000010d15fba0, 0x000000010d15fcd8]
Event: 47333.360 Thread 0x000000010362c800  175 %     4       weka.core.tokenizers.NGramTokenizer::filterOutEmptyStrings @ 10 (91 bytes)
Event: 47333.361 Thread 0x00000001035d0800 nmethod 171 0x000000010d16d790 code [0x000000010d16d940, 0x000000010d16e668]
Event: 47333.369 Thread 0x000000010362c800 nmethod 175% 0x000000010d166310 code [0x000000010d1664c0, 0x000000010d166bd8]
Event: 47333.369 Thread 0x0000000108a6e800  176       4       weka.core.tokenizers.NGramTokenizer::filterOutEmptyStrings (91 bytes)
Event: 47333.383 Thread 0x0000000108a6e800 nmethod 176 0x000000010d172190 code [0x000000010d172340, 0x000000010d172f58]

GC Heap History (10 events):
Event: 47332.673 GC heap before
{Heap before GC invocations=12 (full 3):
 PSYoungGen      total 116736K, used 110393K [0x00000007b5580000, 0x00000007c0000000, 0x00000007c0000000)
  eden space 58880K, 100% used [0x00000007b5580000,0x00000007b8f00000,0x00000007b8f00000)
  from space 57856K, 89% used [0x00000007bc780000,0x00000007bf9ce5f8,0x00000007c0000000)
  to   space 57856K, 0% used [0x00000007b8f00000,0x00000007b8f00000,0x00000007bc780000)
 ParOldGen       total 349696K, used 203813K [0x00000007a0000000, 0x00000007b5580000, 0x00000007b5580000)
  object space 349696K, 58% used [0x00000007a0000000,0x00000007ac7095f8,0x00000007b5580000)
 Metaspace       used 3161K, capacity 4736K, committed 4864K, reserved 1056768K
  class space    used 342K, capacity 428K, committed 512K, reserved 1048576K
Event: 47332.711 GC heap after
Heap after GC invocations=12 (full 3):
 PSYoungGen      total 116736K, used 57852K [0x00000007b5580000, 0x00000007c0000000, 0x00000007c0000000)
  eden space 58880K, 0% used [0x00000007b5580000,0x00000007b5580000,0x00000007b8f00000)
  from space 57856K, 99% used [0x00000007b8f00000,0x00000007bc77f058,0x00000007bc780000)
  to   space 57856K, 0% used [0x00000007bc780000,0x00000007bc780000,0x00000007c0000000)
 ParOldGen       total 349696K, used 265548K [0x00000007a0000000, 0x00000007b5580000, 0x00000007b5580000)
  object space 349696K, 75% used [0x00000007a0000000,0x00000007b0353160,0x00000007b5580000)
 Metaspace       used 3161K, capacity 4736K, committed 4864K, reserved 1056768K
  class space    used 342K, capacity 428K, committed 512K, reserved 1048576K
}
Event: 47332.759 GC heap before
{Heap before GC invocations=13 (full 3):
 PSYoungGen      total 116736K, used 116732K [0x00000007b5580000, 0x00000007c0000000, 0x00000007c0000000)
  eden space 58880K, 100% used [0x00000007b5580000,0x00000007b8f00000,0x00000007b8f00000)
  from space 57856K, 99% used [0x00000007b8f00000,0x00000007bc77f058,0x00000007bc780000)
  to   space 57856K, 0% used [0x00000007bc780000,0x00000007bc780000,0x00000007c0000000)
 ParOldGen       total 349696K, used 265548K [0x00000007a0000000, 0x00000007b5580000, 0x00000007b5580000)
  object space 349696K, 75% used [0x00000007a0000000,0x00000007b0353160,0x00000007b5580000)
 Metaspace       used 3161K, capacity 4736K, committed 4864K, reserved 1056768K
  class space    used 342K, capacity 428K, committed 512K, reserved 1048576K
Event: 47332.789 GC heap after
Heap after GC invocations=13 (full 3):
 PSYoungGen      total 116736K, used 57852K [0x00000007b5580000, 0x00000007c0000000, 0x00000007c0000000)
  eden space 58880K, 0% used [0x00000007b5580000,0x00000007b5580000,0x00000007b8f00000)
  from space 57856K, 99% used [0x00000007bc780000,0x00000007bffff328,0x00000007c0000000)
  to   space 57856K, 0% used [0x00000007b8f00000,0x00000007b8f00000,0x00000007bc780000)
 ParOldGen       total 349696K, used 289452K [0x00000007a0000000, 0x00000007b5580000, 0x00000007b5580000)
  object space 349696K, 82% used [0x00000007a0000000,0x00000007b1aab160,0x00000007b5580000)
 Metaspace       used 3161K, capacity 4736K, committed 4864K, reserved 1056768K
  class space    used 342K, capacity 428K, committed 512K, reserved 1048576K
}
Event: 47332.789 GC heap before
{Heap before GC invocations=14 (full 4):
 PSYoungGen      total 116736K, used 57852K [0x00000007b5580000, 0x00000007c0000000, 0x00000007c0000000)
  eden space 58880K, 0% used [0x00000007b5580000,0x00000007b5580000,0x00000007b8f00000)
  from space 57856K, 99% used [0x00000007bc780000,0x00000007bffff328,0x00000007c0000000)
  to   space 57856K, 0% used [0x00000007b8f00000,0x00000007b8f00000,0x00000007bc780000)
 ParOldGen       total 349696K, used 289452K [0x00000007a0000000, 0x00000007b5580000, 0x00000007b5580000)
  object space 349696K, 82% used [0x00000007a0000000,0x00000007b1aab160,0x00000007b5580000)
 Metaspace       used 3161K, capacity 4736K, committed 4864K, reserved 1056768K
  class space    used 342K, capacity 428K, committed 512K, reserved 1048576K
Event: 47333.149 GC heap after
Heap after GC invocations=14 (full 4):
 PSYoungGen      total 116736K, used 0K [0x00000007b5580000, 0x00000007c0000000, 0x00000007c0000000)
  eden space 58880K, 0% used [0x00000007b5580000,0x00000007b5580000,0x00000007b8f00000)
  from space 57856K, 0% used [0x00000007bc780000,0x00000007bc780000,0x00000007c0000000)
  to   space 57856K, 0% used [0x00000007b8f00000,0x00000007b8f00000,0x00000007bc780000)
 ParOldGen       total 344064K, used 90865K [0x00000007a0000000, 0x00000007b5000000, 0x00000007b5580000)
  object space 344064K, 26% used [0x00000007a0000000,0x00000007a58bc7a8,0x00000007b5000000)
 Metaspace       used 3161K, capacity 4736K, committed 4864K, reserved 1056768K
  class space    used 342K, capacity 428K, committed 512K, reserved 1048576K
}
Event: 47333.200 GC heap before
{Heap before GC invocations=15 (full 4):
 PSYoungGen      total 116736K, used 58880K [0x00000007b5580000, 0x00000007c0000000, 0x00000007c0000000)
  eden space 58880K, 100% used [0x00000007b5580000,0x00000007b8f00000,0x00000007b8f00000)
  from space 57856K, 0% used [0x00000007bc780000,0x00000007bc780000,0x00000007c0000000)
  to   space 57856K, 0% used [0x00000007b8f00000,0x00000007b8f00000,0x00000007bc780000)
 ParOldGen       total 344064K, used 90865K [0x00000007a0000000, 0x00000007b5000000, 0x00000007b5580000)
  object space 344064K, 26% used [0x00000007a0000000,0x00000007a58bc7a8,0x00000007b5000000)
 Metaspace       used 3161K, capacity 4736K, committed 4864K, reserved 1056768K
  class space    used 342K, capacity 428K, committed 512K, reserved 1048576K
Event: 47333.232 GC heap after
Heap after GC invocations=15 (full 4):
 PSYoungGen      total 116736K, used 57851K [0x00000007b5580000, 0x00000007c0000000, 0x00000007c0000000)
  eden space 58880K, 0% used [0x00000007b5580000,0x00000007b5580000,0x00000007b8f00000)
  from space 57856K, 99% used [0x00000007b8f00000,0x00000007bc77ec08,0x00000007bc780000)
  to   space 57856K, 0% used [0x00000007bc780000,0x00000007bc780000,0x00000007c0000000)
 ParOldGen       total 344064K, used 91969K [0x00000007a0000000, 0x00000007b5000000, 0x00000007b5580000)
  object space 344064K, 26% used [0x00000007a0000000,0x00000007a59d07a8,0x00000007b5000000)
 Metaspace       used 3161K, capacity 4736K, committed 4864K, reserved 1056768K
  class space    used 342K, capacity 428K, committed 512K, reserved 1048576K
}
Event: 47333.272 GC heap before
{Heap before GC invocations=16 (full 4):
 PSYoungGen      total 116736K, used 111461K [0x00000007b5580000, 0x00000007c0000000, 0x00000007c0000000)
  eden space 58880K, 91% used [0x00000007b5580000,0x00000007b89daaf0,0x00000007b8f00000)
  from space 57856K, 99% used [0x00000007b8f00000,0x00000007bc77ec08,0x00000007bc780000)
  to   space 57856K, 0% used [0x00000007bc780000,0x00000007bc780000,0x00000007c0000000)
 ParOldGen       total 344064K, used 91969K [0x00000007a0000000, 0x00000007b5000000, 0x00000007b5580000)
  object space 344064K, 26% used [0x00000007a0000000,0x00000007a59d07a8,0x00000007b5000000)
 Metaspace       used 3161K, capacity 4736K, committed 4864K, reserved 1056768K
  class space    used 342K, capacity 428K, committed 512K, reserved 1048576K
Event: 47333.332 GC heap after
Heap after GC invocations=16 (full 4):
 PSYoungGen      total 116736K, used 52760K [0x00000007b5580000, 0x00000007c0000000, 0x00000007c0000000)
  eden space 58880K, 0% used [0x00000007b5580000,0x00000007b5580000,0x00000007b8f00000)
  from space 57856K, 91% used [0x00000007bc780000,0x00000007bfb06200,0x00000007c0000000)
  to   space 57856K, 0% used [0x00000007b8f00000,0x00000007b8f00000,0x00000007bc780000)
 ParOldGen       total 344064K, used 139265K [0x00000007a0000000, 0x00000007b5000000, 0x00000007b5580000)
  object space 344064K, 40% used [0x00000007a0000000,0x00000007a88007a8,0x00000007b5000000)
 Metaspace       used 3161K, capacity 4736K, committed 4864K, reserved 1056768K
  class space    used 342K, capacity 428K, committed 512K, reserved 1048576K
}

Deoptimization events (10 events):
Event: 3927.675 Thread 0x0000000103cc4800 Uncommon trap: reason=unstable_if action=reinterpret pc=0x000000010d15236c method=weka.core.tokenizers.NGramTokenizer.filterOutEmptyStrings()V @ 65
Event: 3928.630 Thread 0x0000000103cc4800 Uncommon trap: reason=unstable_if action=reinterpret pc=0x000000010d164b5c method=weka.core.tokenizers.NGramTokenizer.nextElement()Ljava/lang/String; @ 78
Event: 3928.630 Thread 0x0000000103cc4800 Uncommon trap: reason=unstable_if action=reinterpret pc=0x000000010d14f07c method=weka.core.tokenizers.NGramTokenizer.hasMoreElements()Z @ 8
Event: 3928.654 Thread 0x0000000103cc4800 Uncommon trap: reason=unstable_if action=reinterpret pc=0x000000010d13446c method=java.util.regex.Matcher.search(I)Z @ 30
Event: 3928.654 Thread 0x0000000103cc4800 Uncommon trap: reason=unstable_if action=reinterpret pc=0x000000010d1328a8 method=java.lang.String.substring(II)Ljava/lang/String; @ 49
Event: 3928.654 Thread 0x0000000103cc4800 Uncommon trap: reason=unstable_if action=reinterpret pc=0x000000010d130908 method=java.util.regex.Pattern$Start.match(Ljava/util/regex/Matcher;ILjava/lang/CharSequence;)Z @ 10
Event: 3928.654 Thread 0x0000000103cc4800 Uncommon trap: reason=unstable_if action=reinterpret pc=0x000000010d1350f4 method=java.util.LinkedList.linkLast(Ljava/lang/Object;)V @ 22
Event: 3928.654 Thread 0x0000000103cc4800 Uncommon trap: reason=unstable_if action=reinterpret pc=0x000000010d12fe28 method=java.lang.String.substring(II)Ljava/lang/String; @ 49
Event: 3928.654 Thread 0x0000000103cc4800 Uncommon trap: reason=unstable_if action=reinterpret pc=0x000000010d133398 method=java.util.regex.Pattern$Start.match(Ljava/util/regex/Matcher;ILjava/lang/CharSequence;)Z @ 10
Event: 47332.640 Thread 0x0000000103cc4800 Uncommon trap: reason=unstable_if action=reinterpret pc=0x000000010d15b4a8 method=java.lang.String.trim()Ljava/lang/String; @ 54

Internal exceptions (3 events):
Event: 0.038 Thread 0x0000000103cc4800 Exception <a 'java/lang/NoSuchMethodError': Method sun.misc.Unsafe.defineClass(Ljava/lang/String;[BII)Ljava/lang/Class; name or signature does not match> (0x00000007b5592db0) thrown at [/Users/java_re/workspace/8-2-build-macosx-x86_64/jdk8u51/3951/hotspot
Event: 0.038 Thread 0x0000000103cc4800 Exception <a 'java/lang/NoSuchMethodError': Method sun.misc.Unsafe.prefetchRead(Ljava/lang/Object;J)V name or signature does not match> (0x00000007b5593040) thrown at [/Users/java_re/workspace/8-2-build-macosx-x86_64/jdk8u51/3951/hotspot/src/share/vm/prim
Event: 3928.654 Thread 0x0000000103cc4800 Implicit null exception at 0x000000010d135099 to 0x000000010d1350d9

Events (10 events):
Event: 47332.759 Executing VM operation: ParallelGCFailedAllocation
Event: 47333.149 Executing VM operation: ParallelGCFailedAllocation done
Event: 47333.200 Executing VM operation: ParallelGCFailedAllocation
Event: 47333.232 Executing VM operation: ParallelGCFailedAllocation done
Event: 47333.272 Executing VM operation: ParallelGCFailedAllocation
Event: 47333.332 Executing VM operation: ParallelGCFailedAllocation done
Event: 47333.346 Thread 0x0000000103cc4800 DEOPT PACKING pc=0x000000010d1473a4 sp=0x00007fff5fbfa860
Event: 47333.346 Thread 0x0000000103cc4800 DEOPT UNPACKING pc=0x000000010d047633 sp=0x00007fff5fbfa5e0 mode 0
Event: 47333.369 Thread 0x0000000103cc4800 DEOPT PACKING pc=0x000000010d14c2e1 sp=0x00007fff5fbfaa30
Event: 47333.369 Thread 0x0000000103cc4800 DEOPT UNPACKING pc=0x000000010d047633 sp=0x00007fff5fbfa7e8 mode 0


Dynamic libraries:
0x000000000597d000 	/System/Library/Frameworks/AppKit.framework/Versions/C/AppKit
0x0000000100e44000 	/Library/Frameworks/R.framework/Resources/lib/libR.dylib
0x000000000597d000 	/usr/lib/libSystem.B.dylib
0x000000000597d000 	/usr/lib/libz.1.dylib
0x000000000597d000 	/System/Library/Frameworks/CoreServices.framework/Versions/A/CoreServices
0x000000000597d000 	/usr/lib/libstdc++.6.dylib
0x000000000597d000 	/System/Library/Frameworks/CoreFoundation.framework/Versions/A/CoreFoundation
0x000000000597d000 	/System/Library/Frameworks/Foundation.framework/Versions/C/Foundation
0x000000000597d000 	/usr/lib/libobjc.A.dylib
0x000000000597d000 	/System/Library/PrivateFrameworks/RemoteViewServices.framework/Versions/A/RemoteViewServices
0x000000000597d000 	/System/Library/PrivateFrameworks/UIFoundation.framework/Versions/A/UIFoundation
0x000000000597d000 	/usr/lib/libScreenReader.dylib
0x000000000597d000 	/System/Library/Frameworks/Accelerate.framework/Versions/A/Accelerate
0x000000000597d000 	/System/Library/Frameworks/IOSurface.framework/Versions/A/IOSurface
0x000000000597d000 	/System/Library/Frameworks/ApplicationServices.framework/Versions/A/ApplicationServices
0x000000000597d000 	/System/Library/Frameworks/AudioToolbox.framework/Versions/A/AudioToolbox
0x000000000597d000 	/System/Library/Frameworks/AudioUnit.framework/Versions/A/AudioUnit
0x000000000597d000 	/System/Library/Frameworks/CoreData.framework/Versions/A/CoreData
0x000000000597d000 	/System/Library/PrivateFrameworks/DataDetectorsCore.framework/Versions/A/DataDetectorsCore
0x000000000597d000 	/System/Library/PrivateFrameworks/DesktopServicesPriv.framework/Versions/A/DesktopServicesPriv
0x000000000597d000 	/System/Library/Frameworks/Carbon.framework/Versions/A/Frameworks/HIToolbox.framework/Versions/A/HIToolbox
0x000000000597d000 	/System/Library/Frameworks/QuartzCore.framework/Versions/A/QuartzCore
0x000000000597d000 	/System/Library/Frameworks/Security.framework/Versions/A/Security
0x000000000597d000 	/System/Library/Frameworks/Carbon.framework/Versions/A/Frameworks/SpeechRecognition.framework/Versions/A/SpeechRecognition
0x000000000597d000 	/usr/lib/libauto.dylib
0x000000000597d000 	/usr/lib/libicucore.A.dylib
0x000000000597d000 	/usr/lib/libxml2.2.dylib
0x000000000597d000 	/System/Library/PrivateFrameworks/CoreUI.framework/Versions/A/CoreUI
0x000000000597d000 	/System/Library/Frameworks/CoreAudio.framework/Versions/A/CoreAudio
0x000000000597d000 	/System/Library/Frameworks/DiskArbitration.framework/Versions/A/DiskArbitration
0x000000000597d000 	/usr/lib/liblangid.dylib
0x000000000597d000 	/System/Library/PrivateFrameworks/MultitouchSupport.framework/Versions/A/MultitouchSupport
0x000000000597d000 	/System/Library/Frameworks/IOKit.framework/Versions/A/IOKit
0x000000000597d000 	/usr/lib/libDiagnosticMessagesClient.dylib
0x000000000597d000 	/System/Library/PrivateFrameworks/PerformanceAnalysis.framework/Versions/A/PerformanceAnalysis
0x000000000597d000 	/System/Library/PrivateFrameworks/GenerationalStorage.framework/Versions/A/GenerationalStorage
0x000000000597d000 	/System/Library/Frameworks/OpenGL.framework/Versions/A/OpenGL
0x000000000597d000 	/System/Library/PrivateFrameworks/Sharing.framework/Versions/A/Sharing
0x000000000597d000 	/System/Library/Frameworks/CoreGraphics.framework/Versions/A/CoreGraphics
0x000000000597d000 	/System/Library/Frameworks/CoreImage.framework/Versions/A/CoreImage
0x000000000597d000 	/System/Library/Frameworks/CoreText.framework/Versions/A/CoreText
0x000000000597d000 	/System/Library/Frameworks/ImageIO.framework/Versions/A/ImageIO
0x000000000597d000 	/System/Library/PrivateFrameworks/Backup.framework/Versions/A/Backup
0x000000000597d000 	/usr/lib/libextension.dylib
0x000000000597d000 	/usr/lib/libarchive.2.dylib
0x000000000597d000 	/System/Library/Frameworks/CFNetwork.framework/Versions/A/CFNetwork
0x000000000597d000 	/System/Library/Frameworks/SystemConfiguration.framework/Versions/A/SystemConfiguration
0x000000000597d000 	/usr/lib/libCRFSuite.dylib
0x000000000597d000 	/usr/lib/libc++.1.dylib
0x000000000597d000 	/usr/lib/libc++abi.dylib
0x000000000597d000 	/usr/lib/system/libcache.dylib
0x000000000597d000 	/usr/lib/system/libcommonCrypto.dylib
0x000000000597d000 	/usr/lib/system/libcompiler_rt.dylib
0x000000000597d000 	/usr/lib/system/libcopyfile.dylib
0x000000000597d000 	/usr/lib/system/libcorecrypto.dylib
0x000000000597d000 	/usr/lib/system/libdispatch.dylib
0x000000000597d000 	/usr/lib/system/libdyld.dylib
0x000000000597d000 	/usr/lib/system/libkeymgr.dylib
0x000000000597d000 	/usr/lib/system/liblaunch.dylib
0x000000000597d000 	/usr/lib/system/libmacho.dylib
0x000000000597d000 	/usr/lib/system/libquarantine.dylib
0x000000000597d000 	/usr/lib/system/libremovefile.dylib
0x000000000597d000 	/usr/lib/system/libsystem_asl.dylib
0x000000000597d000 	/usr/lib/system/libsystem_blocks.dylib
0x000000000597d000 	/usr/lib/system/libsystem_c.dylib
0x000000000597d000 	/usr/lib/system/libsystem_configuration.dylib
0x000000000597d000 	/usr/lib/system/libsystem_coreservices.dylib
0x000000000597d000 	/usr/lib/system/libsystem_coretls.dylib
0x000000000597d000 	/usr/lib/system/libsystem_dnssd.dylib
0x000000000597d000 	/usr/lib/system/libsystem_info.dylib
0x000000000597d000 	/usr/lib/system/libsystem_kernel.dylib
0x000000000597d000 	/usr/lib/system/libsystem_m.dylib
0x000000000597d000 	/usr/lib/system/libsystem_malloc.dylib
0x000000000597d000 	/usr/lib/system/libsystem_network.dylib
0x000000000597d000 	/usr/lib/system/libsystem_networkextension.dylib
0x000000000597d000 	/usr/lib/system/libsystem_notify.dylib
0x000000000597d000 	/usr/lib/system/libsystem_platform.dylib
0x000000000597d000 	/usr/lib/system/libsystem_pthread.dylib
0x000000000597d000 	/usr/lib/system/libsystem_sandbox.dylib
0x000000000597d000 	/usr/lib/system/libsystem_secinit.dylib
0x000000000597d000 	/usr/lib/system/libsystem_trace.dylib
0x000000000597d000 	/usr/lib/system/libunc.dylib
0x000000000597d000 	/usr/lib/system/libunwind.dylib
0x000000000597d000 	/usr/lib/system/libxpc.dylib
0x000000000597d000 	/usr/lib/libenergytrace.dylib
0x000000000597d000 	/usr/lib/libbsm.0.dylib
0x000000000597d000 	/usr/lib/system/libkxld.dylib
0x000000000597d000 	/usr/lib/libxar.1.dylib
0x000000000597d000 	/usr/lib/libsqlite3.dylib
0x000000000597d000 	/usr/lib/libpam.2.dylib
0x000000000597d000 	/usr/lib/libOpenScriptingUtil.dylib
0x000000000597d000 	/usr/lib/libbz2.1.0.dylib
0x000000000597d000 	/usr/lib/liblzma.5.dylib
0x000000000597d000 	/System/Library/Frameworks/CoreServices.framework/Versions/A/Frameworks/FSEvents.framework/Versions/A/FSEvents
0x000000000597d000 	/System/Library/Frameworks/CoreServices.framework/Versions/A/Frameworks/CarbonCore.framework/Versions/A/CarbonCore
0x000000000597d000 	/System/Library/Frameworks/CoreServices.framework/Versions/A/Frameworks/Metadata.framework/Versions/A/Metadata
0x000000000597d000 	/System/Library/Frameworks/CoreServices.framework/Versions/A/Frameworks/OSServices.framework/Versions/A/OSServices
0x000000000597d000 	/System/Library/Frameworks/CoreServices.framework/Versions/A/Frameworks/SearchKit.framework/Versions/A/SearchKit
0x000000000597d000 	/System/Library/Frameworks/CoreServices.framework/Versions/A/Frameworks/AE.framework/Versions/A/AE
0x000000000597d000 	/System/Library/Frameworks/CoreServices.framework/Versions/A/Frameworks/LaunchServices.framework/Versions/A/LaunchServices
0x000000000597d000 	/System/Library/Frameworks/CoreServices.framework/Versions/A/Frameworks/DictionaryServices.framework/Versions/A/DictionaryServices
0x000000000597d000 	/System/Library/Frameworks/CoreServices.framework/Versions/A/Frameworks/SharedFileList.framework/Versions/A/SharedFileList
0x000000000597d000 	/System/Library/Frameworks/NetFS.framework/Versions/A/NetFS
0x000000000597d000 	/System/Library/PrivateFrameworks/NetAuth.framework/Versions/A/NetAuth
0x000000000597d000 	/System/Library/PrivateFrameworks/login.framework/Versions/A/Frameworks/loginsupport.framework/Versions/A/loginsupport
0x000000000597d000 	/System/Library/PrivateFrameworks/TCC.framework/Versions/A/TCC
0x000000000597d000 	/usr/lib/libmecabra.dylib
0x000000000597d000 	/System/Library/Frameworks/ApplicationServices.framework/Versions/A/Frameworks/ATS.framework/Versions/A/ATS
0x000000000597d000 	/System/Library/Frameworks/ApplicationServices.framework/Versions/A/Frameworks/ColorSync.framework/Versions/A/ColorSync
0x000000000597d000 	/System/Library/Frameworks/ApplicationServices.framework/Versions/A/Frameworks/HIServices.framework/Versions/A/HIServices
0x000000000597d000 	/System/Library/Frameworks/ApplicationServices.framework/Versions/A/Frameworks/LangAnalysis.framework/Versions/A/LangAnalysis
0x000000000597d000 	/System/Library/Frameworks/ApplicationServices.framework/Versions/A/Frameworks/PrintCore.framework/Versions/A/PrintCore
0x000000000597d000 	/System/Library/Frameworks/ApplicationServices.framework/Versions/A/Frameworks/QD.framework/Versions/A/QD
0x000000000597d000 	/System/Library/Frameworks/ApplicationServices.framework/Versions/A/Frameworks/SpeechSynthesis.framework/Versions/A/SpeechSynthesis
0x000000000597d000 	/System/Library/Frameworks/Metal.framework/Versions/A/Metal
0x000000000597d000 	/System/Library/Frameworks/Accelerate.framework/Versions/A/Frameworks/vImage.framework/Versions/A/vImage
0x000000000597d000 	/System/Library/Frameworks/Accelerate.framework/Versions/A/Frameworks/vecLib.framework/Versions/A/vecLib
0x000000000597d000 	/System/Library/Frameworks/Accelerate.framework/Versions/A/Frameworks/vecLib.framework/Versions/A/libvDSP.dylib
0x000000000597d000 	/System/Library/Frameworks/Accelerate.framework/Versions/A/Frameworks/vecLib.framework/Versions/A/libvMisc.dylib
0x000000000597d000 	/System/Library/Frameworks/Accelerate.framework/Versions/A/Frameworks/vecLib.framework/Versions/A/libLAPACK.dylib
0x000000000597d000 	/System/Library/Frameworks/Accelerate.framework/Versions/A/Frameworks/vecLib.framework/Versions/A/libBLAS.dylib
0x000000000597d000 	/System/Library/Frameworks/Accelerate.framework/Versions/A/Frameworks/vecLib.framework/Versions/A/libLinearAlgebra.dylib
0x000000000597d000 	/System/Library/Frameworks/Accelerate.framework/Versions/A/Frameworks/vecLib.framework/Versions/A/libSparseBLAS.dylib
0x000000000597d000 	/System/Library/PrivateFrameworks/GPUCompiler.framework/libmetal_timestamp.dylib
0x000000000597d000 	/System/Library/Frameworks/OpenGL.framework/Versions/A/Libraries/libCoreFSCache.dylib
0x000000000597d000 	/System/Library/PrivateFrameworks/IOAccelerator.framework/Versions/A/IOAccelerator
0x000000000597d000 	/System/Library/Frameworks/ApplicationServices.framework/Versions/A/Frameworks/ATS.framework/Versions/A/Resources/libFontParser.dylib
0x000000000597d000 	/System/Library/Frameworks/ApplicationServices.framework/Versions/A/Frameworks/ATS.framework/Versions/A/Resources/libFontRegistry.dylib
0x000000000597d000 	/System/Library/PrivateFrameworks/AppleVPA.framework/Versions/A/AppleVPA
0x000000000597d000 	/System/Library/PrivateFrameworks/AppleJPEG.framework/Versions/A/AppleJPEG
0x000000000597d000 	/System/Library/Frameworks/ImageIO.framework/Versions/A/Resources/libJPEG.dylib
0x000000000597d000 	/System/Library/Frameworks/ImageIO.framework/Versions/A/Resources/libTIFF.dylib
0x000000000597d000 	/System/Library/Frameworks/ImageIO.framework/Versions/A/Resources/libPng.dylib
0x000000000597d000 	/System/Library/Frameworks/ImageIO.framework/Versions/A/Resources/libGIF.dylib
0x000000000597d000 	/System/Library/Frameworks/ImageIO.framework/Versions/A/Resources/libJP2.dylib
0x000000000597d000 	/System/Library/Frameworks/ImageIO.framework/Versions/A/Resources/libRadiance.dylib
0x000000000597d000 	/System/Library/Frameworks/CoreVideo.framework/Versions/A/CoreVideo
0x000000000597d000 	/System/Library/Frameworks/OpenGL.framework/Versions/A/Libraries/libGLU.dylib
0x000000000597d000 	/System/Library/Frameworks/OpenGL.framework/Versions/A/Libraries/libGFXShared.dylib
0x000000000597d000 	/System/Library/Frameworks/OpenGL.framework/Versions/A/Libraries/libGL.dylib
0x000000000597d000 	/System/Library/Frameworks/OpenGL.framework/Versions/A/Libraries/libGLImage.dylib
0x000000000597d000 	/System/Library/Frameworks/OpenGL.framework/Versions/A/Libraries/libCVMSPluginSupport.dylib
0x000000000597d000 	/System/Library/Frameworks/OpenGL.framework/Versions/A/Libraries/libCoreVMClient.dylib
0x000000000597d000 	/usr/lib/libcompression.dylib
0x000000000597d000 	/usr/lib/libcups.2.dylib
0x000000000597d000 	/System/Library/Frameworks/Kerberos.framework/Versions/A/Kerberos
0x000000000597d000 	/System/Library/Frameworks/GSS.framework/Versions/A/GSS
0x000000000597d000 	/usr/lib/libresolv.9.dylib
0x000000000597d000 	/usr/lib/libiconv.2.dylib
0x000000000597d000 	/System/Library/PrivateFrameworks/Heimdal.framework/Versions/A/Heimdal
0x000000000597d000 	/usr/lib/libheimdal-asn1.dylib
0x000000000597d000 	/System/Library/Frameworks/OpenDirectory.framework/Versions/A/OpenDirectory
0x000000000597d000 	/System/Library/PrivateFrameworks/CommonAuth.framework/Versions/A/CommonAuth
0x000000000597d000 	/System/Library/Frameworks/OpenDirectory.framework/Versions/A/Frameworks/CFOpenDirectory.framework/Versions/A/CFOpenDirectory
0x000000000597d000 	/System/Library/Frameworks/SecurityFoundation.framework/Versions/A/SecurityFoundation
0x000000000597d000 	/System/Library/PrivateFrameworks/LanguageModeling.framework/Versions/A/LanguageModeling
0x000000000597d000 	/usr/lib/libmarisa.dylib
0x000000000597d000 	/usr/lib/libChineseTokenizer.dylib
0x000000000597d000 	/usr/lib/libcmph.dylib
0x000000000597d000 	/System/Library/Frameworks/ServiceManagement.framework/Versions/A/ServiceManagement
0x000000000597d000 	/usr/lib/libxslt.1.dylib
0x000000000597d000 	/System/Library/Frameworks/Carbon.framework/Versions/A/Frameworks/Ink.framework/Versions/A/Ink
0x000000000597d000 	/usr/lib/libFosl_dynamic.dylib
0x000000000597d000 	/System/Library/PrivateFrameworks/FaceCore.framework/Versions/A/FaceCore
0x000000000597d000 	/System/Library/Frameworks/OpenCL.framework/Versions/A/OpenCL
0x000000000597d000 	/System/Library/PrivateFrameworks/CrashReporterSupport.framework/Versions/A/CrashReporterSupport
0x000000000597d000 	/System/Library/PrivateFrameworks/IconServices.framework/Versions/A/IconServices
0x000000000597d000 	/System/Library/PrivateFrameworks/Apple80211.framework/Versions/A/Apple80211
0x000000000597d000 	/System/Library/Frameworks/CoreWLAN.framework/Versions/A/CoreWLAN
0x000000000597d000 	/System/Library/Frameworks/IOBluetooth.framework/Versions/A/IOBluetooth
0x000000000597d000 	/System/Library/PrivateFrameworks/CoreWiFi.framework/Versions/A/CoreWiFi
0x000000000597d000 	/System/Library/Frameworks/CoreBluetooth.framework/Versions/A/CoreBluetooth
0x000000000597d000 	/System/Library/PrivateFrameworks/ChunkingLibrary.framework/Versions/A/ChunkingLibrary
0x000000000597d000 	/System/Library/PrivateFrameworks/DebugSymbols.framework/Versions/A/DebugSymbols
0x000000000597d000 	/System/Library/PrivateFrameworks/CoreSymbolication.framework/Versions/A/CoreSymbolication
0x000000000597d000 	/System/Library/PrivateFrameworks/Symbolication.framework/Versions/A/Symbolication
0x000000000597d000 	/System/Library/PrivateFrameworks/SpeechRecognitionCore.framework/Versions/A/SpeechRecognitionCore
0x00000001012c9000 	/Library/Frameworks/R.framework/Versions/3.3/Resources/lib/libRblas.dylib
0x00000001012f9000 	/Library/Frameworks/R.framework/Versions/3.3/Resources/lib/libgfortran.3.dylib
0x0000000101464000 	/Library/Frameworks/R.framework/Versions/3.3/Resources/lib/libquadmath.0.dylib
0x00000001014a5000 	/Library/Frameworks/R.framework/Versions/3.3/Resources/lib/libreadline.5.2.dylib
0x00000001014e3000 	/Library/Frameworks/R.framework/Versions/3.3/Resources/lib/libgcc_s_x86_64.1.dylib
0x000000000597d000 	/usr/lib/libncurses.5.4.dylib
0x00000001015ca000 	/Library/Frameworks/R.framework/Versions/3.3/Resources/library/methods/libs/methods.so
0x00000001015d7000 	/Library/Frameworks/R.framework/Versions/3.3/Resources/library/utils/libs/utils.so
0x000000010674e000 	/Library/Frameworks/R.framework/Versions/3.3/Resources/library/grDevices/libs/grDevices.so
0x000000010679b000 	/Library/Frameworks/R.framework/Versions/3.3/Resources/library/graphics/libs/graphics.so
0x000000010814e000 	/Library/Frameworks/R.framework/Versions/3.3/Resources/library/stats/libs/stats.so
0x000000010820a000 	/Library/Frameworks/R.framework/Versions/3.3/Resources/lib/libRlapack.dylib
0x000000010a000000 	/Applications/RStudio.app/Contents/MacOS/rsclang/libclang.dylib
0x000000000597d000 	/usr/lib/libedit.3.dylib
0x00000001027e7000 	/Library/Frameworks/R.framework/Versions/3.3/Resources/library/tools/libs/tools.so
0x000000010855c000 	/Library/Frameworks/R.framework/Resources/modules//internet.so
0x000000000597d000 	/usr/lib/libcurl.4.dylib
0x000000000597d000 	/System/Library/Frameworks/LDAP.framework/Versions/A/LDAP
0x000000000597d000 	/usr/lib/libsasl2.2.dylib
0x000000000597d000 	/System/Library/PrivateFrameworks/CoreDaemon.framework/Versions/B/CoreDaemon
0x000000000597d000 	/usr/lib/libcrypto.0.9.8.dylib
0x000000000597d000 	/System/Library/PrivateFrameworks/AppleSRP.framework/Versions/A/AppleSRP
0x000000000597d000 	/System/Library/PrivateFrameworks/TrustEvaluationAgent.framework/Versions/A/TrustEvaluationAgent
0x00000001015ea000 	/Library/Java/JavaVirtualMachines/jdk1.8.0_51.jdk/Contents/Home/jre/lib/jli/libjli.dylib
0x000000000597d000 	/System/Library/Frameworks/Cocoa.framework/Versions/A/Cocoa
0x00000001067e4000 	/Users/smallwes/Library/R/3.3/library/rJava/libs/rJava.so
0x000000010adaa000 	/Library/Java/JavaVirtualMachines/jdk1.8.0_51.jdk/Contents/Home/jre/lib/server/libjvm.dylib
0x00000001087e3000 	/Library/Java/JavaVirtualMachines/jdk1.8.0_51.jdk/Contents/Home/jre/lib/libverify.dylib
0x000000010bd13000 	/Library/Java/JavaVirtualMachines/jdk1.8.0_51.jdk/Contents/Home/jre/lib/libjava.dylib
0x00000001087f1000 	/Library/Java/JavaVirtualMachines/jdk1.8.0_51.jdk/Contents/Home/jre/lib/libzip.dylib
0x000000011f94c000 	/System/Library/Frameworks/JavaVM.framework/Frameworks/JavaRuntimeSupport.framework/JavaRuntimeSupport
0x000000011f967000 	/System/Library/Frameworks/JavaVM.framework/Versions/A/Frameworks/JavaNativeFoundation.framework/Versions/A/JavaNativeFoundation
0x000000011f97c000 	/System/Library/Frameworks/JavaVM.framework/Versions/A/JavaVM
0x000000000597d000 	/System/Library/Frameworks/Carbon.framework/Versions/A/Carbon
0x000000011f989000 	/System/Library/PrivateFrameworks/JavaLaunching.framework/Versions/A/JavaLaunching
0x000000000597d000 	/System/Library/Frameworks/Carbon.framework/Versions/A/Frameworks/CommonPanels.framework/Versions/A/CommonPanels
0x000000000597d000 	/System/Library/Frameworks/Carbon.framework/Versions/A/Frameworks/Help.framework/Versions/A/Help
0x000000000597d000 	/System/Library/Frameworks/Carbon.framework/Versions/A/Frameworks/ImageCapture.framework/Versions/A/ImageCapture
0x000000000597d000 	/System/Library/Frameworks/Carbon.framework/Versions/A/Frameworks/OpenScripting.framework/Versions/A/OpenScripting
0x000000000597d000 	/System/Library/Frameworks/Carbon.framework/Versions/A/Frameworks/Print.framework/Versions/A/Print
0x000000000597d000 	/System/Library/Frameworks/Carbon.framework/Versions/A/Frameworks/SecurityHI.framework/Versions/A/SecurityHI
0x000000011f9d5000 	/Library/Frameworks/R.framework/Versions/3.3/Resources/library/parallel/libs/parallel.so
0x000000011f9dc000 	/Library/Frameworks/R.framework/Versions/3.3/Resources/library/slam/libs/slam.so
0x00000001087fa000 	/Library/Frameworks/R.framework/Versions/3.3/Resources/library/tm/libs/tm.so
0x000000011fa40000 	/Library/Frameworks/R.framework/Versions/3.3/Resources/library/grid/libs/grid.so
0x000000011fa65000 	/Library/Frameworks/R.framework/Versions/3.3/Resources/library/SnowballC/libs/SnowballC.so

VM Arguments:
jvm_args: -Djava.awt.headless=true -Xmx512m -Xrs vfprintf exit 
java_command: <unknown>
java_class_path (initial): /Users/smallwes/Library/R/3.3/library/rJava/java/boot
Launcher Type: generic

Environment Variables:
PATH=/usr/bin:/bin:/usr/sbin:/sbin:/usr/local/bin:/opt/X11/bin:/usr/local/git/bin:/Library/TeX/texbin
LD_LIBRARY_PATH=:@JAVA_LD@
SHELL=/bin/bash
DISPLAY=/private/tmp/com.apple.launchd.jgQUWrK4b3/org.macosforge.xquartz:0
DYLD_LIBRARY_PATH=/Library/Java/JavaVirtualMachines/jdk1.8.0_51.jdk/Contents/Home/jre/lib/server
DYLD_FALLBACK_LIBRARY_PATH=/Library/Frameworks/R.framework/Resources/lib:/Users/smallwes/lib:/usr/local/lib:/usr/lib::

Signal Handlers:
SIGSEGV: [libjvm.dylib+0x58ef35], sa_mask[0]=11111111011111110111111111111111, sa_flags=SA_ONSTACK|SA_RESTART|SA_SIGINFO
SIGBUS: [libjvm.dylib+0x58ef35], sa_mask[0]=11111111011111110111111111111111, sa_flags=SA_RESTART|SA_SIGINFO
SIGFPE: [libjvm.dylib+0x46c028], sa_mask[0]=11111111011111110111111111111111, sa_flags=SA_RESTART|SA_SIGINFO
SIGPIPE: [libjvm.dylib+0x46c028], sa_mask[0]=11111111011111110111111111111111, sa_flags=SA_RESTART|SA_SIGINFO
SIGXFSZ: [libjvm.dylib+0x46c028], sa_mask[0]=11111111011111110111111111111111, sa_flags=SA_RESTART|SA_SIGINFO
SIGILL: [libjvm.dylib+0x46c028], sa_mask[0]=11111111011111110111111111111111, sa_flags=SA_RESTART|SA_SIGINFO
SIGUSR1: SIG_IGN, sa_mask[0]=00000000000000000000000000000000, sa_flags=none
SIGUSR2: [libjvm.dylib+0x46bb46], sa_mask[0]=00000000000000000000000000000000, sa_flags=SA_RESTART|SA_SIGINFO
SIGHUP: SIG_DFL, sa_mask[0]=00000000000000000000000000000000, sa_flags=none
SIGINT: SIG_DFL, sa_mask[0]=00000000000000000000000000000000, sa_flags=none
SIGTERM: SIG_DFL, sa_mask[0]=00000000000000000000000000000000, sa_flags=none
SIGQUIT: SIG_DFL, sa_mask[0]=00000000000000000000000000000000, sa_flags=none


---------------  S Y S T E M  ---------------

OS:Bsduname:Darwin 15.6.0 Darwin Kernel Version 15.6.0: Thu Jun 23 18:25:34 PDT 2016; root:xnu-3248.60.10~1/RELEASE_X86_64 x86_64
rlimit: STACK 8192k, CORE 0k, NPROC 709, NOFILE 10240, AS infinity
load average:3.30 2.81 2.28

CPU:total 8 (4 cores per cpu, 2 threads per core) family 6 model 70 stepping 1, cmov, cx8, fxsr, mmx, sse, sse2, sse3, ssse3, sse4.1, sse4.2, popcnt, avx, avx2, aes, clmul, erms, rtm, lzcnt, ht, tsc, tscinvbit, bmi1, bmi2

Memory: 4k page, physical 16777216k(191524k free)

/proc/meminfo:


vm_info: Java HotSpot(TM) 64-Bit Server VM (25.51-b03) for bsd-amd64 JRE (1.8.0_51-b16), built on Jun  8 2015 18:01:11 by "java_re" with gcc 4.2.1 (Based on Apple Inc. build 5658) (LLVM build 2336.11.00)

time: Sun Sep 11 16:43:54 2016
elapsed time: 47705 seconds (0d 13h 15m 5s)

